{
  "RSpec": {
    "coverage": {
      "/Users/dev/ksu/swe6813/make_matcher/make_matcher_backend/spec/models/api_key_spec.rb": {
        "lines": [
          1,
          null,
          1,
          1,
          5,
          null,
          null,
          1,
          1,
          1,
          1,
          null,
          null,
          1,
          1,
          1,
          null,
          null,
          1,
          1,
          1,
          1,
          null,
          null,
          null,
          1,
          1,
          2,
          null,
          null,
          1,
          1,
          1,
          null,
          null,
          1,
          1,
          1,
          null,
          null,
          null
        ]
      },
      "/Users/dev/ksu/swe6813/make_matcher/make_matcher_backend/spec/rails_helper.rb": {
        "lines": [
          null,
          1,
          1,
          1,
          null,
          1,
          1,
          null,
          null,
          null,
          null,
          null,
          null,
          null,
          null,
          null,
          null,
          null,
          null,
          null,
          null,
          null,
          2,
          null,
          null,
          null,
          null,
          1,
          null,
          0,
          null,
          1,
          null,
          null,
          null,
          null,
          1,
          null,
          null,
          null,
          null,
          null,
          null,
          null,
          null,
          null,
          null,
          null,
          null,
          null,
          null,
          null,
          null,
          null,
          1,
          null,
          null,
          1,
          null,
          null,
          null,
          null,
          1,
          null,
          1,
          null,
          1,
          1,
          1,
          1,
          null,
          null,
          null
        ]
      },
      "/Users/dev/ksu/swe6813/make_matcher/make_matcher_backend/config/environment.rb": {
        "lines": [
          null,
          1,
          null,
          null,
          1
        ]
      },
      "/Users/dev/ksu/swe6813/make_matcher/make_matcher_backend/config/application.rb": {
        "lines": [
          1,
          null,
          1,
          null,
          null,
          null,
          1,
          null,
          1,
          1,
          null,
          1,
          null,
          null,
          null,
          null,
          1,
          null,
          null,
          null,
          null,
          null,
          null,
          null,
          null,
          null,
          null,
          null,
          null,
          1,
          null,
          null
        ]
      },
      "/Users/dev/ksu/swe6813/make_matcher/make_matcher_backend/config/boot.rb": {
        "lines": [
          1,
          null,
          1,
          1
        ]
      },
      "/Users/dev/ksu/swe6813/make_matcher/make_matcher_backend/config/environments/test.rb": {
        "lines": [
          1,
          null,
          null,
          null,
          null,
          null,
          null,
          1,
          null,
          null,
          null,
          1,
          null,
          null,
          null,
          null,
          null,
          1,
          null,
          null,
          1,
          1,
          null,
          null,
          null,
          null,
          1,
          1,
          1,
          null,
          null,
          1,
          null,
          null,
          1,
          null,
          null,
          1,
          null,
          1,
          null,
          null,
          null,
          null,
          1,
          null,
          null,
          1,
          null,
          null,
          1,
          null,
          null,
          1,
          null,
          null,
          null,
          null,
          null,
          null,
          null,
          null,
          1,
          null
        ]
      },
      "/Users/dev/ksu/swe6813/make_matcher/make_matcher_backend/config/initializers/cors.rb": {
        "lines": [
          null,
          null,
          null,
          null,
          null,
          null,
          null,
          1,
          1,
          1,
          1,
          null,
          null
        ]
      },
      "/Users/dev/ksu/swe6813/make_matcher/make_matcher_backend/config/initializers/filter_parameter_logging.rb": {
        "lines": [
          null,
          null,
          null,
          null,
          null,
          1,
          null,
          null
        ]
      },
      "/Users/dev/ksu/swe6813/make_matcher/make_matcher_backend/config/initializers/inflections.rb": {
        "lines": [
          null,
          null,
          null,
          null,
          null,
          null,
          null,
          null,
          null,
          null,
          null,
          null,
          null,
          null,
          null,
          null
        ]
      },
      "/Users/dev/ksu/swe6813/make_matcher/make_matcher_backend/spec/factories/api_key.rb": {
        "lines": [
          1,
          1,
          48,
          48,
          null,
          null
        ]
      },
      "/Users/dev/ksu/swe6813/make_matcher/make_matcher_backend/spec/factories/friend_requests.rb": {
        "lines": [
          1,
          1,
          1,
          null,
          null
        ]
      },
      "/Users/dev/ksu/swe6813/make_matcher/make_matcher_backend/spec/factories/friends.rb": {
        "lines": [
          1,
          1,
          1,
          null,
          null
        ]
      },
      "/Users/dev/ksu/swe6813/make_matcher/make_matcher_backend/spec/factories/games.rb": {
        "lines": [
          1,
          1,
          4,
          null,
          null
        ]
      },
      "/Users/dev/ksu/swe6813/make_matcher/make_matcher_backend/spec/factories/group_memberships.rb": {
        "lines": [
          1,
          1,
          1,
          1,
          null,
          null
        ]
      },
      "/Users/dev/ksu/swe6813/make_matcher/make_matcher_backend/spec/factories/groups.rb": {
        "lines": [
          1,
          1,
          1,
          null,
          null
        ]
      },
      "/Users/dev/ksu/swe6813/make_matcher/make_matcher_backend/spec/factories/matches.rb": {
        "lines": [
          1,
          1,
          null,
          null,
          null
        ]
      },
      "/Users/dev/ksu/swe6813/make_matcher/make_matcher_backend/spec/factories/profiles.rb": {
        "lines": [
          1,
          1,
          1,
          2,
          2,
          2,
          2,
          2,
          2,
          2,
          2,
          1,
          1,
          null,
          null,
          null
        ]
      },
      "/Users/dev/ksu/swe6813/make_matcher/make_matcher_backend/spec/factories/user.rb": {
        "lines": [
          1,
          1,
          3,
          3,
          3,
          null,
          null
        ]
      },
      "/Users/dev/ksu/swe6813/make_matcher/make_matcher_backend/config/routes.rb": {
        "lines": [
          1,
          null,
          1,
          null,
          1,
          1,
          1,
          1,
          1,
          null,
          1,
          1,
          1,
          null,
          1,
          1,
          1,
          null,
          null,
          1,
          1,
          null,
          1,
          null,
          null,
          1,
          1,
          null
        ]
      },
      "/Users/dev/ksu/swe6813/make_matcher/make_matcher_backend/spec/support/api_support.rb": {
        "lines": [
          1,
          1,
          69,
          null,
          null,
          1,
          40,
          40,
          40,
          null,
          null,
          1,
          19,
          19,
          19,
          null,
          null
        ]
      },
      "/Users/dev/ksu/swe6813/make_matcher/make_matcher_backend/app/models/api_key.rb": {
        "lines": [
          1,
          null,
          null,
          null,
          null,
          null,
          1,
          1,
          null,
          1,
          60,
          60,
          0,
          0,
          null,
          null,
          60,
          0,
          0,
          null,
          null,
          60,
          null,
          60,
          0,
          0,
          null,
          null,
          60,
          60,
          null,
          null
        ]
      },
      "/Users/dev/ksu/swe6813/make_matcher/make_matcher_backend/app/models/application_record.rb": {
        "lines": [
          1,
          1,
          null
        ]
      },
      "/Users/dev/ksu/swe6813/make_matcher/make_matcher_backend/spec/models/friend_request_spec.rb": {
        "lines": [
          1,
          null,
          1,
          1,
          2,
          2,
          null,
          null
        ]
      },
      "/Users/dev/ksu/swe6813/make_matcher/make_matcher_backend/app/models/friend_request.rb": {
        "lines": [
          1,
          1,
          1,
          null
        ]
      },
      "/Users/dev/ksu/swe6813/make_matcher/make_matcher_backend/spec/models/friend_spec.rb": {
        "lines": [
          1,
          null,
          1,
          1,
          2,
          2,
          null,
          null
        ]
      },
      "/Users/dev/ksu/swe6813/make_matcher/make_matcher_backend/app/models/friend.rb": {
        "lines": [
          1,
          1,
          1,
          null
        ]
      },
      "/Users/dev/ksu/swe6813/make_matcher/make_matcher_backend/spec/models/game_spec.rb": {
        "lines": [
          1,
          null,
          1,
          1,
          2,
          null,
          1,
          2,
          null,
          null
        ]
      },
      "/Users/dev/ksu/swe6813/make_matcher/make_matcher_backend/app/models/game.rb": {
        "lines": [
          1,
          null,
          null,
          null,
          null,
          1,
          1,
          null
        ]
      },
      "/Users/dev/ksu/swe6813/make_matcher/make_matcher_backend/spec/models/group_membership_spec.rb": {
        "lines": [
          1,
          null,
          1,
          1,
          2,
          2,
          null,
          null
        ]
      },
      "/Users/dev/ksu/swe6813/make_matcher/make_matcher_backend/app/models/group_membership.rb": {
        "lines": [
          1,
          1,
          1,
          null
        ]
      },
      "/Users/dev/ksu/swe6813/make_matcher/make_matcher_backend/spec/models/group_spec.rb": {
        "lines": [
          1,
          null,
          1,
          1,
          2,
          2,
          null,
          null
        ]
      },
      "/Users/dev/ksu/swe6813/make_matcher/make_matcher_backend/app/models/group.rb": {
        "lines": [
          1,
          1,
          1,
          null,
          1,
          null
        ]
      },
      "/Users/dev/ksu/swe6813/make_matcher/make_matcher_backend/spec/models/match_spec.rb": {
        "lines": [
          1,
          null,
          1,
          1,
          2,
          2,
          null,
          null
        ]
      },
      "/Users/dev/ksu/swe6813/make_matcher/make_matcher_backend/app/models/match.rb": {
        "lines": [
          1,
          null,
          1,
          1,
          null,
          null,
          1,
          1,
          null,
          null,
          null,
          null,
          1,
          null,
          null,
          1,
          null,
          null,
          1,
          80,
          null,
          null,
          1,
          null,
          null,
          1,
          40,
          null,
          null,
          1,
          5,
          40,
          null,
          null,
          null,
          null,
          1,
          3,
          24,
          null,
          null,
          null,
          null,
          1,
          8,
          null,
          null,
          null,
          1,
          72,
          null,
          24,
          null,
          null
        ]
      },
      "/Users/dev/ksu/swe6813/make_matcher/make_matcher_backend/spec/models/profile_spec.rb": {
        "lines": [
          1,
          null,
          1,
          1,
          2,
          1,
          4,
          4,
          4,
          null,
          null,
          null,
          1,
          2,
          null,
          null,
          1,
          1,
          1,
          1,
          1,
          null,
          null,
          null,
          null,
          1,
          1,
          1,
          1,
          null,
          1,
          1,
          1,
          1,
          1,
          null,
          null,
          null,
          null
        ]
      },
      "/Users/dev/ksu/swe6813/make_matcher/make_matcher_backend/app/models/profile.rb": {
        "lines": [
          1,
          1,
          null,
          null,
          null,
          null,
          null,
          null,
          null,
          null,
          null,
          null,
          null,
          null,
          null,
          null,
          null,
          null,
          1,
          1,
          1,
          1,
          null,
          null,
          1,
          null,
          null,
          1,
          1,
          1,
          null,
          null,
          1,
          1,
          1,
          null,
          1,
          12,
          null,
          0,
          null,
          null,
          1,
          null,
          1,
          27,
          null,
          4,
          null,
          null,
          1,
          56,
          null,
          2,
          null,
          null,
          1,
          27,
          27,
          null,
          0,
          null,
          null,
          1,
          3,
          0,
          null,
          null,
          3,
          0,
          null,
          null,
          null
        ]
      },
      "/Users/dev/ksu/swe6813/make_matcher/make_matcher_backend/app/models/concerns/geocode.rb": {
        "lines": [
          1,
          1,
          1,
          1,
          null,
          1,
          1,
          1,
          1,
          null,
          1,
          1,
          1,
          1,
          1,
          1,
          null,
          null,
          1,
          1,
          1,
          1,
          1,
          1,
          null,
          null,
          1,
          1,
          1,
          1,
          1,
          1,
          null,
          null,
          1,
          1,
          null,
          1,
          8,
          null,
          6,
          6,
          6,
          6,
          6,
          0,
          0,
          0,
          null,
          0,
          0,
          null,
          0,
          null,
          null,
          null
        ]
      },
      "/Users/dev/ksu/swe6813/make_matcher/make_matcher_backend/spec/models/user_spec.rb": {
        "lines": [
          1,
          null,
          1,
          1,
          2,
          2,
          2,
          2,
          2,
          null,
          null,
          1,
          2,
          2,
          2,
          null,
          null
        ]
      },
      "/Users/dev/ksu/swe6813/make_matcher/make_matcher_backend/app/models/user.rb": {
        "lines": [
          1,
          1,
          null,
          1,
          1,
          28,
          null,
          1,
          null,
          1,
          1,
          1,
          1,
          1,
          1,
          1,
          null,
          null,
          null,
          null
        ]
      },
      "/Users/dev/ksu/swe6813/make_matcher/make_matcher_backend/spec/requests/api_spec.rb": {
        "lines": [
          1,
          null,
          1,
          1,
          1,
          1,
          2,
          null,
          1,
          1,
          null,
          1,
          1,
          null,
          null,
          null,
          1,
          1,
          2,
          null,
          1,
          1,
          null,
          1,
          1,
          null,
          null,
          null,
          null,
          1,
          1,
          2,
          null,
          1,
          1,
          null,
          1,
          1,
          null,
          null,
          null
        ]
      },
      "/Users/dev/ksu/swe6813/make_matcher/make_matcher_backend/spec/requests/auth_spec.rb": {
        "lines": [
          1,
          null,
          1,
          1,
          1,
          2,
          1,
          1,
          null,
          null,
          1,
          1,
          1,
          1,
          1,
          null,
          null,
          null,
          null
        ]
      },
      "/Users/dev/ksu/swe6813/make_matcher/make_matcher_backend/spec/requests/friend_requests_spec.rb": {
        "lines": [
          1,
          null,
          1,
          1,
          1,
          1,
          1,
          1,
          null,
          1,
          null,
          1,
          1,
          1,
          null,
          null,
          null,
          1,
          1,
          1,
          1,
          1,
          null,
          null,
          null,
          null,
          1,
          1,
          1,
          1,
          null,
          1,
          null,
          1,
          1,
          1,
          null,
          null,
          null,
          1,
          1,
          1,
          1,
          1,
          null,
          null,
          null,
          null,
          1,
          1,
          1,
          1,
          1,
          null,
          1,
          null,
          1,
          null,
          null,
          null,
          1,
          1,
          1,
          1,
          1,
          null,
          null,
          null,
          null
        ]
      },
      "/Users/dev/ksu/swe6813/make_matcher/make_matcher_backend/spec/requests/friends_spec.rb": {
        "lines": [
          1,
          null,
          1,
          1,
          1,
          1,
          1,
          1,
          null,
          1,
          null,
          1,
          1,
          1,
          null,
          null,
          null,
          1,
          1,
          1,
          1,
          1,
          null,
          null,
          null,
          null,
          1,
          1,
          1,
          1,
          null,
          1,
          null,
          1,
          1,
          1,
          null,
          null,
          null,
          1,
          1,
          1,
          1,
          1,
          null,
          null,
          null,
          null,
          1,
          1,
          1,
          1,
          1,
          null,
          1,
          null,
          1,
          null,
          null,
          null,
          1,
          1,
          1,
          1,
          1,
          null,
          null,
          null,
          null
        ]
      },
      "/Users/dev/ksu/swe6813/make_matcher/make_matcher_backend/spec/requests/groups_spec.rb": {
        "lines": [
          1,
          null,
          1,
          1,
          1,
          1,
          1,
          1,
          1,
          null,
          1,
          null,
          1,
          1,
          null,
          null,
          1,
          1,
          1,
          1,
          null,
          1,
          null,
          1,
          1,
          null,
          null,
          null,
          1,
          1,
          1,
          1,
          1,
          null,
          null,
          null,
          null,
          1,
          1,
          1,
          1,
          null,
          1,
          null,
          1,
          null,
          null,
          null,
          1,
          1,
          1,
          1,
          1,
          null,
          null,
          null,
          null,
          1,
          1,
          1,
          1,
          1,
          null,
          1,
          null,
          1,
          null,
          null,
          null,
          1,
          1,
          1,
          1,
          1,
          null,
          null,
          null,
          null,
          1,
          1,
          1,
          1,
          1,
          null,
          1,
          null,
          1,
          null,
          null,
          null,
          1,
          1,
          1,
          1,
          1,
          null,
          null,
          null,
          null
        ]
      },
      "/Users/dev/ksu/swe6813/make_matcher/make_matcher_backend/spec/requests/matches_spec.rb": {
        "lines": [
          1,
          null,
          1,
          1,
          1,
          1,
          1,
          1,
          null,
          1,
          null,
          1,
          0,
          null,
          null,
          null,
          1,
          1,
          1,
          1,
          1,
          null,
          null,
          null,
          null,
          1,
          1,
          1,
          1,
          1,
          null,
          1,
          null,
          1,
          null,
          null,
          null,
          1,
          1,
          1,
          1,
          1,
          null,
          null,
          null,
          null
        ]
      },
      "/Users/dev/ksu/swe6813/make_matcher/make_matcher_backend/spec/requests/memberships_spec.rb": {
        "lines": [
          1,
          null,
          1,
          1,
          1,
          1,
          1,
          1,
          null,
          1,
          null,
          1,
          1,
          1,
          null,
          null,
          null,
          1,
          1,
          1,
          1,
          1,
          null,
          null,
          null,
          null,
          1,
          1,
          1,
          1,
          1,
          1,
          null,
          1,
          null,
          1,
          null,
          null,
          null,
          1,
          1,
          1,
          1,
          1,
          null,
          null,
          null,
          null
        ]
      },
      "/Users/dev/ksu/swe6813/make_matcher/make_matcher_backend/spec/requests/profiles_spec.rb": {
        "lines": [
          1,
          null,
          1,
          1,
          1,
          1,
          1,
          null,
          null,
          null,
          1,
          1,
          1,
          1,
          1,
          null,
          null,
          1,
          3,
          1,
          1,
          null,
          null,
          null
        ]
      },
      "/Users/dev/ksu/swe6813/make_matcher/make_matcher_backend/spec/requests/users_spec.rb": {
        "lines": [
          1,
          null,
          1,
          1,
          1,
          1,
          1,
          1,
          1,
          null,
          null,
          null,
          1,
          1,
          1,
          1,
          1,
          null,
          null,
          null,
          null,
          1,
          1,
          1,
          1,
          1,
          1,
          1,
          null,
          null,
          null,
          null
        ]
      },
      "/Users/dev/ksu/swe6813/make_matcher/make_matcher_backend/app/controllers/api/controller.rb": {
        "lines": [
          1,
          1,
          1,
          null,
          1,
          1,
          null,
          1,
          2,
          null,
          null,
          1,
          2,
          null,
          null,
          1,
          0,
          null,
          null,
          1,
          0,
          null,
          null,
          1,
          null,
          1,
          62,
          62,
          null,
          2,
          null,
          null,
          null
        ]
      },
      "/Users/dev/ksu/swe6813/make_matcher/make_matcher_backend/app/controllers/application_controller.rb": {
        "lines": [
          1,
          null,
          1,
          0,
          null,
          null,
          1,
          0,
          null,
          null
        ]
      },
      "/Users/dev/ksu/swe6813/make_matcher/make_matcher_backend/app/controllers/api/concerns/session_concern.rb": {
        "lines": [
          1,
          1,
          null,
          1,
          22,
          null,
          null,
          1,
          96,
          96,
          38,
          38,
          null,
          null,
          0,
          null,
          null,
          1,
          112,
          77,
          19,
          19,
          null,
          null,
          null,
          1,
          34,
          null,
          null
        ]
      },
      "/Users/dev/ksu/swe6813/make_matcher/make_matcher_backend/app/controllers/api/users_controller.rb": {
        "lines": [
          1,
          1,
          null,
          1,
          21,
          21,
          21,
          null,
          null,
          1,
          1,
          null,
          null,
          1,
          null,
          1,
          21,
          null,
          null
        ]
      },
      "/Users/dev/ksu/swe6813/make_matcher/make_matcher_backend/app/serializers/user_serializer.rb": {
        "lines": [
          1,
          1,
          null,
          1,
          null
        ]
      },
      "/Users/dev/ksu/swe6813/make_matcher/make_matcher_backend/app/controllers/api/auth_controller.rb": {
        "lines": [
          1,
          null,
          1,
          1,
          1,
          1,
          1,
          1,
          null,
          0,
          null,
          null,
          0,
          null,
          null,
          null,
          1,
          null,
          1,
          2,
          null,
          null
        ]
      },
      "/Users/dev/ksu/swe6813/make_matcher/make_matcher_backend/app/controllers/api/friend_requests_controller.rb": {
        "lines": [
          1,
          1,
          null,
          1,
          1,
          null,
          1,
          null,
          null,
          1,
          2,
          null,
          null,
          1,
          1,
          null,
          1,
          null,
          null,
          1,
          null,
          1,
          1,
          null,
          null
        ]
      },
      "/Users/dev/ksu/swe6813/make_matcher/make_matcher_backend/app/serializers/friend_request_serializer.rb": {
        "lines": [
          1,
          1,
          null,
          1,
          null,
          1,
          2,
          null,
          null
        ]
      },
      "/Users/dev/ksu/swe6813/make_matcher/make_matcher_backend/app/controllers/api/friends_controller.rb": {
        "lines": [
          1,
          1,
          null,
          1,
          1,
          null,
          1,
          null,
          null,
          1,
          2,
          null,
          null,
          1,
          1,
          null,
          1,
          null,
          null,
          1,
          null,
          1,
          1,
          null,
          null
        ]
      },
      "/Users/dev/ksu/swe6813/make_matcher/make_matcher_backend/app/serializers/friend_serializer.rb": {
        "lines": [
          1,
          1,
          null,
          1,
          null,
          1,
          2,
          null,
          null
        ]
      },
      "/Users/dev/ksu/swe6813/make_matcher/make_matcher_backend/app/controllers/api/groups_controller.rb": {
        "lines": [
          1,
          1,
          null,
          1,
          1,
          null,
          1,
          null,
          null,
          1,
          2,
          3,
          null,
          2,
          null,
          null,
          null,
          1,
          1,
          null,
          1,
          null,
          null,
          1,
          1,
          null,
          1,
          null,
          null,
          1,
          null,
          1,
          1,
          null,
          null
        ]
      },
      "/Users/dev/ksu/swe6813/make_matcher/make_matcher_backend/app/serializers/group_serializer.rb": {
        "lines": [
          1,
          1,
          null,
          1,
          null,
          1,
          null
        ]
      },
      "/Users/dev/ksu/swe6813/make_matcher/make_matcher_backend/app/controllers/api/matches_controller.rb": {
        "lines": [
          1,
          1,
          null,
          1,
          2,
          null,
          null,
          1,
          1,
          null,
          null,
          null,
          1,
          null,
          null
        ]
      },
      "/Users/dev/ksu/swe6813/make_matcher/make_matcher_backend/app/serializers/match_serializer.rb": {
        "lines": [
          1,
          1,
          null,
          1,
          null,
          1,
          null
        ]
      },
      "/Users/dev/ksu/swe6813/make_matcher/make_matcher_backend/app/serializers/profile_serializer.rb": {
        "lines": [
          1,
          1,
          null,
          1,
          null,
          null,
          null,
          1,
          null
        ]
      },
      "/Users/dev/ksu/swe6813/make_matcher/make_matcher_backend/app/controllers/api/memberships_controller.rb": {
        "lines": [
          1,
          1,
          1,
          null,
          1,
          1,
          null,
          1,
          null,
          null,
          1,
          1,
          null,
          1,
          null,
          null,
          1,
          null,
          1,
          2,
          null,
          null
        ]
      },
      "/Users/dev/ksu/swe6813/make_matcher/make_matcher_backend/app/serializers/membership_serializer.rb": {
        "lines": [
          1,
          1,
          null,
          1,
          null
        ]
      },
      "/Users/dev/ksu/swe6813/make_matcher/make_matcher_backend/app/controllers/api/profiles_controller.rb": {
        "lines": [
          1,
          1,
          null,
          1,
          1,
          null,
          null,
          1,
          2,
          2,
          null,
          null,
          1,
          null,
          1,
          2,
          null,
          null,
          null,
          null,
          1,
          3,
          null,
          null,
          1,
          3,
          null,
          null,
          null,
          null,
          null
        ]
      },
      "/Users/dev/ksu/swe6813/make_matcher/make_matcher_backend/app/serializers/game_serializer.rb": {
        "lines": [
          1,
          1,
          null,
          1,
          null
        ]
      }
    },
    "timestamp": 1712842725
  }
}
